20-Feb-2023 19:37:21.661 INFO [main] org.apache.catalina.core.ApplicationContext.log ContextListener: contextInitialized()
20-Feb-2023 19:37:21.662 INFO [main] org.apache.catalina.core.ApplicationContext.log SessionListener: contextInitialized()
20-Feb-2023 19:37:21.663 INFO [main] org.apache.catalina.core.ApplicationContext.log ContextListener: attributeAdded('StockTicker', 'async.Stockticker@6548bb7d')
20-Feb-2023 19:43:03.716 INFO [main] org.apache.catalina.core.ApplicationContext.log SessionListener: contextDestroyed()
20-Feb-2023 19:43:03.717 INFO [main] org.apache.catalina.core.ApplicationContext.log ContextListener: contextDestroyed()
20-Feb-2023 19:43:06.678 INFO [main] org.apache.catalina.core.ApplicationContext.log ContextListener: contextInitialized()
20-Feb-2023 19:43:06.680 INFO [main] org.apache.catalina.core.ApplicationContext.log SessionListener: contextInitialized()
20-Feb-2023 19:43:06.680 INFO [main] org.apache.catalina.core.ApplicationContext.log ContextListener: attributeAdded('StockTicker', 'async.Stockticker@6548bb7d')
20-Feb-2023 19:48:09.189 SEVERE [https-jsse-nio-8443-exec-6] org.apache.catalina.core.StandardWrapperValve.invoke Servlet.service() for servlet [new] in context with path [/my_webapp] threw exception
	java.lang.NumberFormatException: For input string: "0.0"
		at java.base/java.lang.NumberFormatException.forInputString(NumberFormatException.java:65)
		at java.base/java.lang.Integer.parseInt(Integer.java:652)
		at java.base/java.lang.Integer.parseInt(Integer.java:770)
		at mypackage.CarRentalNew.doGet(CarRentalNew.java:37)
		at jakarta.servlet.http.HttpServlet.service(HttpServlet.java:665)
		at jakarta.servlet.http.HttpServlet.service(HttpServlet.java:774)
		at org.apache.catalina.core.ApplicationFilterChain.internalDoFilter(ApplicationFilterChain.java:223)
		at org.apache.catalina.core.ApplicationFilterChain.doFilter(ApplicationFilterChain.java:158)
		at org.apache.tomcat.websocket.server.WsFilter.doFilter(WsFilter.java:53)
		at org.apache.catalina.core.ApplicationFilterChain.internalDoFilter(ApplicationFilterChain.java:185)
		at org.apache.catalina.core.ApplicationFilterChain.doFilter(ApplicationFilterChain.java:158)
		at org.apache.catalina.core.StandardWrapperValve.invoke(StandardWrapperValve.java:197)
		at org.apache.catalina.core.StandardContextValve.invoke(StandardContextValve.java:97)
		at org.apache.catalina.authenticator.AuthenticatorBase.invoke(AuthenticatorBase.java:543)
		at org.apache.catalina.core.StandardHostValve.invoke(StandardHostValve.java:119)
		at org.apache.catalina.valves.ErrorReportValve.invoke(ErrorReportValve.java:92)
		at org.apache.catalina.valves.AbstractAccessLogValve.invoke(AbstractAccessLogValve.java:690)
		at org.apache.catalina.core.StandardEngineValve.invoke(StandardEngineValve.java:78)
		at org.apache.catalina.connector.CoyoteAdapter.service(CoyoteAdapter.java:353)
		at org.apache.coyote.http11.Http11Processor.service(Http11Processor.java:382)
		at org.apache.coyote.AbstractProcessorLight.process(AbstractProcessorLight.java:65)
		at org.apache.coyote.AbstractProtocol$ConnectionHandler.process(AbstractProtocol.java:870)
		at org.apache.tomcat.util.net.NioEndpoint$SocketProcessor.doRun(NioEndpoint.java:1699)
		at org.apache.tomcat.util.net.SocketProcessorBase.run(SocketProcessorBase.java:49)
		at org.apache.tomcat.util.threads.ThreadPoolExecutor.runWorker(ThreadPoolExecutor.java:1191)
		at org.apache.tomcat.util.threads.ThreadPoolExecutor$Worker.run(ThreadPoolExecutor.java:659)
		at org.apache.tomcat.util.threads.TaskThread$WrappingRunnable.run(TaskThread.java:61)
		at java.base/java.lang.Thread.run(Thread.java:829)
